{
  "patterns": [
    {
      "name": "Untitled78",
      "pattern": "1,#EEEEEE,0.5,#BB40FF,0.5",
      "playcount": 0,
      "playedColor": "#000000",
      "playing": false,
      "playpos": 0,
      "repeats": 1
    },
    {
      "name": "Untitled48",
      "pattern": "1,#7FB2FF,0.5",
      "playcount": 0,
      "playedColor": "#000000",
      "playing": false,
      "playpos": 0,
      "repeats": 1
    },
    {
      "name": "Untitled60",
      "pattern": "1,#EEEEEE,0.5",
      "playcount": 0,
      "playedColor": "#000000",
      "playing": false,
      "playpos": 0,
      "repeats": 1
    }
  ],
  "status": "pattern results"
}